TN:
SF:/home/sridhar/claude-rust/src/api/mod.rs
FN:151,ApiClient::new
FN:179,ApiClient::get_base_url
FN:207,ApiClient::get_model
FN:234,ApiClient::get_headers
FN:268,ApiClient::complete
FN:291,ApiClient::complete_streaming
FN:311,ApiClient::complete_mlx
FN:349,ApiClient::complete_mlx_streaming
FN:399,ApiClient::build_mlx_prompt
FN:422,ApiClient::complete_anthropic
FN:469,ApiClient::complete_openai
FN:529,ApiClient::complete_openai_streaming
FN:613,ApiClient::list_models
FNF:13
FNDA:0,ApiClient::new
FNDA:0,ApiClient::get_base_url
FNDA:0,ApiClient::get_model
FNDA:0,ApiClient::get_headers
FNDA:0,ApiClient::complete
FNDA:0,ApiClient::complete_streaming
FNDA:0,ApiClient::complete_mlx
FNDA:0,ApiClient::complete_mlx_streaming
FNDA:0,ApiClient::build_mlx_prompt
FNDA:0,ApiClient::complete_anthropic
FNDA:0,ApiClient::complete_openai
FNDA:0,ApiClient::complete_openai_streaming
FNDA:0,ApiClient::list_models
DA:151,0
DA:152,0
DA:153,0
DA:157,0
DA:158,0
DA:159,0
DA:160,0
DA:161,0
DA:162,0
DA:163,0
DA:164,0
DA:165,0
DA:166,0
DA:167,0
DA:168,0
DA:169,0
DA:170,0
DA:171,0
DA:172,0
DA:173,0
DA:176,0
DA:179,0
DA:180,0
DA:181,0
DA:182,0
DA:186,0
DA:187,0
DA:188,0
DA:189,0
DA:190,0
DA:191,0
DA:192,0
DA:193,0
DA:194,0
DA:195,0
DA:196,0
DA:197,0
DA:198,0
DA:199,0
DA:200,0
DA:201,0
DA:202,0
DA:203,0
DA:207,0
DA:208,0
DA:209,0
DA:210,0
DA:214,0
DA:215,0
DA:216,0
DA:217,0
DA:218,0
DA:219,0
DA:220,0
DA:221,0
DA:222,0
DA:223,0
DA:224,0
DA:225,0
DA:226,0
DA:227,0
DA:228,0
DA:229,0
DA:230,0
DA:234,0
DA:235,0
DA:237,0
DA:238,0
DA:239,0
DA:240,0
DA:241,0
DA:244,0
DA:245,0
DA:247,0
DA:248,0
DA:250,0
DA:251,0
DA:252,0
DA:254,0
DA:258,0
DA:259,0
DA:264,0
DA:268,0
DA:275,0
DA:280,0
DA:281,0
DA:291,0
DA:296,0
DA:300,0
DA:301,0
DA:311,0
DA:314,0
DA:316,0
DA:317,0
DA:320,0
DA:321,0
DA:325,0
DA:327,0
DA:329,0
DA:330,0
DA:331,0
DA:334,0
DA:336,0
DA:337,0
DA:338,0
DA:339,0
DA:340,0
DA:341,0
DA:342,0
DA:344,0
DA:349,0
DA:353,0
DA:355,0
DA:356,0
DA:359,0
DA:360,0
DA:363,0
DA:364,0
DA:366,0
DA:368,0
DA:370,0
DA:371,0
DA:372,0
DA:373,0
DA:374,0
DA:375,0
DA:377,0
DA:379,0
DA:382,0
DA:383,0
DA:384,0
DA:386,0
DA:387,0
DA:388,0
DA:389,0
DA:390,0
DA:391,0
DA:392,0
DA:394,0
DA:399,0
DA:400,0
DA:403,0
DA:404,0
DA:408,0
DA:409,0
DA:410,0
DA:411,0
DA:412,0
DA:417,0
DA:419,0
DA:422,0
DA:424,0
DA:425,0
DA:433,0
DA:435,0
DA:436,0
DA:437,0
DA:439,0
DA:441,0
DA:443,0
DA:444,0
DA:445,0
DA:446,0
DA:449,0
DA:451,0
DA:452,0
DA:455,0
DA:456,0
DA:457,0
DA:458,0
DA:459,0
DA:462,0
DA:463,0
DA:464,0
DA:465,0
DA:469,0
DA:470,0
DA:471,0
DA:474,0
DA:475,0
DA:476,0
DA:477,0
DA:482,0
DA:483,0
DA:484,0
DA:488,0
DA:491,0
DA:495,0
DA:497,0
DA:498,0
DA:501,0
DA:503,0
DA:504,0
DA:505,0
DA:506,0
DA:509,0
DA:511,0
DA:512,0
DA:515,0
DA:516,0
DA:517,0
DA:518,0
DA:519,0
DA:522,0
DA:523,0
DA:524,0
DA:525,0
DA:529,0
DA:530,0
DA:531,0
DA:534,0
DA:535,0
DA:536,0
DA:537,0
DA:541,0
DA:542,0
DA:543,0
DA:547,0
DA:550,0
DA:554,0
DA:556,0
DA:557,0
DA:560,0
DA:562,0
DA:563,0
DA:564,0
DA:565,0
DA:569,0
DA:570,0
DA:571,0
DA:573,0
DA:574,0
DA:575,0
DA:576,0
DA:580,0
DA:581,0
DA:582,0
DA:583,0
DA:584,0
DA:587,0
DA:588,0
DA:589,0
DA:591,0
DA:592,0
DA:593,0
DA:599,0
DA:601,0
DA:602,0
DA:603,0
DA:604,0
DA:605,0
DA:606,0
DA:607,0
DA:609,0
DA:613,0
DA:614,0
DA:616,0
DA:617,0
DA:618,0
DA:621,0
DA:623,0
DA:624,0
DA:627,0
DA:629,0
DA:630,0
DA:643,0
DA:644,0
DA:646,0
LF:268
LH:0
end_of_record
TN:
SF:/home/sridhar/claude-rust/src/cli.rs
FN:54,ModelAlias::as_str
FN:463,Cli::print_help
FNF:2
FNDA:5,ModelAlias::as_str
FNDA:0,Cli::print_help
DA:54,5
DA:55,5
DA:56,1
DA:57,1
DA:58,1
DA:59,1
DA:60,1
DA:463,0
DA:464,0
DA:492,0
DA:493,0
LF:11
LH:7
end_of_record
TN:
SF:/home/sridhar/claude-rust/src/commands/agent.rs
FN:23,Agent::new
FN:40,Agent::run
FN:153,Agent::build_system_prompt
FN:181,Agent::make_request
FN:186,Agent::make_request_with_history
FN:204,Agent::extract_tool_calls
FN:244,Agent::extract_from_text
FN:353,Agent::execute_tool_call
FN:362,Agent::parse_tool_args
FN:405,Agent::get_tool_summary
FN:477,Agent::get_tool_icon
FN:491,Agent::get_checkmark
FN:495,Agent::get_x_mark
FN:499,Agent::show_thinking
FN:504,Agent::hide_thinking
FN:508,Agent::show_progress
FN:512,Agent::print_response
FN:521,Agent::clean_response
FN:562,Agent::format_tool_calls_for_api
FNF:19
FNDA:0,Agent::new
FNDA:0,Agent::run
FNDA:0,Agent::build_system_prompt
FNDA:0,Agent::make_request
FNDA:0,Agent::make_request_with_history
FNDA:0,Agent::extract_tool_calls
FNDA:0,Agent::extract_from_text
FNDA:0,Agent::execute_tool_call
FNDA:0,Agent::parse_tool_args
FNDA:0,Agent::get_tool_summary
FNDA:0,Agent::get_tool_icon
FNDA:0,Agent::get_checkmark
FNDA:0,Agent::get_x_mark
FNDA:0,Agent::show_thinking
FNDA:0,Agent::hide_thinking
FNDA:0,Agent::show_progress
FNDA:0,Agent::print_response
FNDA:0,Agent::clean_response
FNDA:0,Agent::format_tool_calls_for_api
DA:23,0
DA:24,0
DA:25,0
DA:26,0
DA:29,0
DA:30,0
DA:31,0
DA:32,0
DA:33,0
DA:34,0
DA:40,0
DA:153,0
DA:154,0
DA:155,0
DA:156,0
DA:158,0
DA:161,0
DA:181,0
DA:182,0
DA:183,0
DA:186,0
DA:188,0
DA:191,0
DA:192,0
DA:193,0
DA:196,0
DA:198,0
DA:201,0
DA:204,0
DA:205,0
DA:206,0
DA:209,0
DA:210,0
DA:211,0
DA:212,0
DA:213,0
DA:214,0
DA:216,0
DA:217,0
DA:218,0
DA:219,0
DA:220,0
DA:229,0
DA:230,0
DA:231,0
DA:232,0
DA:233,0
DA:235,0
DA:236,0
DA:237,0
DA:241,0
DA:244,0
DA:245,0
DA:246,0
DA:250,0
DA:251,0
DA:252,0
DA:253,0
DA:254,0
DA:255,0
DA:257,0
DA:261,0
DA:262,0
DA:264,0
DA:265,0
DA:266,0
DA:267,0
DA:268,0
DA:269,0
DA:270,0
DA:279,0
DA:280,0
DA:281,0
DA:282,0
DA:285,0
DA:286,0
DA:287,0
DA:288,0
DA:289,0
DA:291,0
DA:292,0
DA:293,0
DA:294,0
DA:295,0
DA:296,0
DA:297,0
DA:298,0
DA:306,0
DA:307,0
DA:308,0
DA:311,0
DA:312,0
DA:313,0
DA:314,0
DA:315,0
DA:316,0
DA:318,0
DA:319,0
DA:320,0
DA:321,0
DA:322,0
DA:323,0
DA:330,0
DA:331,0
DA:332,0
DA:334,0
DA:335,0
DA:336,0
DA:337,0
DA:339,0
DA:340,0
DA:341,0
DA:342,0
DA:343,0
DA:344,0
DA:350,0
DA:353,0
DA:354,0
DA:355,0
DA:357,0
DA:359,0
DA:362,0
DA:363,0
DA:364,0
DA:365,0
DA:366,0
DA:367,0
DA:368,0
DA:369,0
DA:370,0
DA:371,0
DA:372,0
DA:373,0
DA:376,0
DA:377,0
DA:378,0
DA:379,0
DA:380,0
DA:381,0
DA:383,0
DA:384,0
DA:385,0
DA:386,0
DA:389,0
DA:390,0
DA:391,0
DA:392,0
DA:393,0
DA:394,0
DA:395,0
DA:396,0
DA:398,0
DA:401,0
DA:405,0
DA:406,0
DA:407,0
DA:409,0
DA:410,0
DA:411,0
DA:412,0
DA:413,0
DA:414,0
DA:416,0
DA:418,0
DA:419,0
DA:420,0
DA:421,0
DA:422,0
DA:424,0
DA:427,0
DA:428,0
DA:429,0
DA:430,0
DA:431,0
DA:432,0
DA:434,0
DA:437,0
DA:438,0
DA:439,0
DA:440,0
DA:441,0
DA:442,0
DA:443,0
DA:444,0
DA:446,0
DA:449,0
DA:450,0
DA:451,0
DA:452,0
DA:453,0
DA:454,0
DA:456,0
DA:459,0
DA:460,0
DA:461,0
DA:463,0
DA:466,0
DA:467,0
DA:468,0
DA:470,0
DA:473,0
DA:477,0
DA:478,0
DA:479,0
DA:480,0
DA:481,0
DA:482,0
DA:483,0
DA:484,0
DA:485,0
DA:486,0
DA:487,0
DA:491,0
DA:492,0
DA:495,0
DA:496,0
DA:499,0
DA:500,0
DA:501,0
DA:504,0
DA:505,0
DA:508,0
DA:509,0
DA:512,0
DA:514,0
DA:515,0
DA:516,0
DA:517,0
DA:521,0
DA:523,0
DA:524,0
DA:525,0
DA:527,0
DA:528,0
DA:531,0
DA:532,0
DA:533,0
DA:534,0
DA:535,0
DA:538,0
DA:539,0
DA:540,0
DA:543,0
DA:544,0
DA:545,0
DA:547,0
DA:550,0
DA:551,0
DA:554,0
DA:555,0
DA:559,0
DA:562,0
DA:563,0
DA:565,0
DA:566,0
DA:567,0
DA:569,0
DA:570,0
DA:571,0
DA:572,0
DA:574,0
DA:577,0
DA:579,0
DA:582,0
DA:583,0
LF:265
LH:0
end_of_record
TN:
SF:/home/sridhar/claude-rust/src/commands/agents.rs
FN:6,run
FNF:1
FNDA:0,run
DA:6,0
DA:7,0
DA:8,0
DA:10,0
DA:11,0
DA:12,0
DA:14,0
DA:15,0
DA:16,0
DA:17,0
DA:18,0
DA:22,0
DA:24,0
DA:25,0
DA:28,0
LF:15
LH:0
end_of_record
TN:
SF:/home/sridhar/claude-rust/src/commands/auth.rs
FN:8,run
FN:29,login
FN:59,logout
FN:68,status
FNF:4
FNDA:0,run
FNDA:0,login
FNDA:0,logout
FNDA:0,status
DA:8,0
DA:9,0
DA:10,0
DA:11,0
DA:14,0
DA:17,0
DA:20,0
DA:21,0
DA:22,0
DA:23,0
DA:24,0
DA:29,0
DA:30,0
DA:31,0
DA:33,0
DA:34,0
DA:35,0
DA:36,0
DA:37,0
DA:40,0
DA:41,0
DA:42,0
DA:46,0
DA:47,0
DA:50,0
DA:51,0
DA:52,0
DA:55,0
DA:56,0
DA:59,0
DA:60,0
DA:61,0
DA:62,0
DA:64,0
DA:65,0
DA:68,0
DA:69,0
DA:70,0
DA:71,0
DA:73,0
DA:74,0
DA:75,0
DA:77,0
DA:79,0
DA:82,0
DA:83,0
DA:85,0
LF:47
LH:0
end_of_record
TN:
SF:/home/sridhar/claude-rust/src/commands/config.rs
FN:7,run
FN:32,list_config
FN:51,get_config
FN:76,set_config
FN:121,edit_config
FNF:5
FNDA:0,run
FNDA:0,list_config
FNDA:0,get_config
FNDA:0,set_config
FNDA:0,edit_config
DA:7,0
DA:8,0
DA:10,0
DA:12,0
DA:13,0
DA:15,0
DA:16,0
DA:19,0
DA:22,0
DA:23,0
DA:24,0
DA:25,0
DA:26,0
DA:27,0
DA:32,0
DA:33,0
DA:35,0
DA:36,0
DA:37,0
DA:38,0
DA:39,0
DA:40,0
DA:42,0
DA:43,0
DA:46,0
DA:48,0
DA:51,0
DA:52,0
DA:53,0
DA:54,0
DA:56,0
DA:57,0
DA:59,0
DA:60,0
DA:62,0
DA:63,0
DA:65,0
DA:66,0
DA:69,0
DA:70,0
DA:73,0
DA:76,0
DA:77,0
DA:78,0
DA:79,0
DA:80,0
DA:82,0
DA:83,0
DA:84,0
DA:85,0
DA:87,0
DA:88,0
DA:91,0
DA:92,0
DA:93,0
DA:94,0
DA:96,0
DA:97,0
DA:100,0
DA:101,0
DA:102,0
DA:104,0
DA:105,0
DA:106,0
DA:107,0
DA:108,0
DA:112,0
DA:113,0
DA:117,0
DA:118,0
DA:121,0
DA:122,0
DA:124,0
DA:125,0
DA:126,0
DA:127,0
DA:130,0
DA:131,0
DA:132,0
DA:136,0
DA:137,0
DA:139,0
DA:140,0
DA:143,0
LF:84
LH:0
end_of_record
TN:
SF:/home/sridhar/claude-rust/src/commands/doctor.rs
FN:8,run
FNF:1
FNDA:0,run
DA:8,0
DA:9,0
DA:11,0
DA:14,0
DA:15,0
DA:16,0
DA:17,0
DA:18,0
DA:20,0
DA:21,0
DA:22,0
DA:27,0
DA:28,0
DA:29,0
DA:30,0
DA:31,0
DA:33,0
DA:34,0
DA:35,0
DA:40,0
DA:41,0
DA:42,0
DA:43,0
DA:44,0
DA:46,0
DA:47,0
DA:48,0
DA:53,0
DA:54,0
DA:55,0
DA:56,0
DA:57,0
DA:59,0
DA:60,0
DA:61,0
DA:66,0
DA:67,0
DA:68,0
DA:69,0
DA:70,0
DA:71,0
DA:72,0
DA:74,0
DA:75,0
DA:78,0
DA:82,0
DA:83,0
DA:84,0
DA:85,0
DA:86,0
DA:88,0
DA:89,0
DA:94,0
DA:95,0
DA:96,0
DA:98,0
DA:99,0
DA:101,0
DA:102,0
DA:107,0
DA:108,0
DA:109,0
DA:110,0
DA:114,0
DA:115,0
DA:118,0
DA:119,0
DA:120,0
DA:122,0
DA:126,0
DA:127,0
DA:128,0
DA:129,0
DA:131,0
DA:132,0
DA:133,0
DA:135,0
DA:136,0
DA:137,0
DA:141,0
DA:142,0
DA:143,0
DA:144,0
DA:146,0
DA:147,0
LF:85
LH:0
end_of_record
TN:
SF:/home/sridhar/claude-rust/src/commands/install.rs
FN:7,run
FN:30,install_binary
FN:47,install_specific_version
FNF:3
FNDA:0,run
FNDA:0,install_binary
FNDA:0,install_specific_version
DA:7,0
DA:8,0
DA:10,0
DA:12,0
DA:13,0
DA:14,0
DA:15,0
DA:17,0
DA:18,0
DA:19,0
DA:21,0
DA:22,0
DA:23,0
DA:27,0
DA:30,0
DA:32,0
DA:33,0
DA:37,0
DA:38,0
DA:39,0
DA:42,0
DA:43,0
DA:44,0
DA:47,0
DA:48,0
DA:49,0
DA:50,0
LF:27
LH:0
end_of_record
TN:
SF:/home/sridhar/claude-rust/src/commands/mcp.rs
FN:8,run
FN:53,add_server
FN:73,add_server_json
FN:90,add_from_desktop
FN:135,list_servers
FN:158,get_server
FN:172,remove_server
FN:186,serve
FN:193,reset_project_choices
FNF:9
FNDA:0,run
FNDA:0,add_server
FNDA:0,add_server_json
FNDA:0,add_from_desktop
FNDA:0,list_servers
FNDA:0,get_server
FNDA:0,remove_server
FNDA:0,serve
FNDA:0,reset_project_choices
DA:8,0
DA:9,0
DA:10,0
DA:12,0
DA:13,0
DA:14,0
DA:15,0
DA:17,0
DA:18,0
DA:21,0
DA:24,0
DA:26,0
DA:27,0
DA:29,0
DA:30,0
DA:33,0
DA:36,0
DA:39,0
DA:40,0
DA:41,0
DA:42,0
DA:43,0
DA:44,0
DA:45,0
DA:46,0
DA:47,0
DA:48,0
DA:53,0
DA:54,0
DA:56,0
DA:57,0
DA:58,0
DA:59,0
DA:62,0
DA:64,0
DA:65,0
DA:66,0
DA:69,0
DA:70,0
DA:73,0
DA:74,0
DA:76,0
DA:79,0
DA:81,0
DA:82,0
DA:83,0
DA:86,0
DA:87,0
DA:90,0
DA:91,0
DA:94,0
DA:95,0
DA:96,0
DA:97,0
DA:98,0
DA:101,0
DA:102,0
DA:103,0
DA:104,0
DA:105,0
DA:106,0
DA:108,0
DA:109,0
DA:110,0
DA:111,0
DA:115,0
DA:116,0
DA:117,0
DA:120,0
DA:121,0
DA:122,0
DA:126,0
DA:127,0
DA:128,0
DA:129,0
DA:132,0
DA:135,0
DA:136,0
DA:138,0
DA:139,0
DA:140,0
DA:141,0
DA:143,0
DA:144,0
DA:145,0
DA:146,0
DA:148,0
DA:149,0
DA:151,0
DA:155,0
DA:158,0
DA:159,0
DA:160,0
DA:161,0
DA:162,0
DA:165,0
DA:166,0
DA:169,0
DA:172,0
DA:173,0
DA:174,0
DA:175,0
DA:176,0
DA:178,0
DA:180,0
DA:181,0
DA:183,0
DA:186,0
DA:187,0
DA:188,0
DA:189,0
DA:190,0
DA:193,0
DA:194,0
DA:195,0
DA:196,0
DA:197,0
DA:199,0
DA:200,0
LF:119
LH:0
end_of_record
TN:
SF:/home/sridhar/claude-rust/src/commands/model.rs
FN:6,run
FNF:1
FNDA:0,run
DA:6,0
DA:7,0
DA:8,0
DA:9,0
DA:11,0
DA:12,0
DA:14,0
DA:17,0
DA:18,0
DA:19,0
DA:20,0
DA:21,0
DA:22,0
DA:23,0
DA:25,0
LF:15
LH:0
end_of_record
TN:
SF:/home/sridhar/claude-rust/src/commands/plugin.rs
FN:9,run
FN:26,list_plugins
FN:90,count_hooks
FN:109,add_plugin
FN:134,remove_plugin
FN:150,enable_plugin
FN:166,update_plugin
FN:176,search_plugins
FN:188,marketplace
FN:223,validate_plugin
FN:254,reload_plugins
FN:270,list_skills
FNF:12
FNDA:0,run
FNDA:0,list_plugins
FNDA:0,count_hooks
FNDA:0,add_plugin
FNDA:0,remove_plugin
FNDA:0,enable_plugin
FNDA:0,update_plugin
FNDA:0,search_plugins
FNDA:0,marketplace
FNDA:0,validate_plugin
FNDA:0,reload_plugins
FNDA:0,list_skills
DA:9,0
DA:10,0
DA:11,0
DA:12,0
DA:13,0
DA:14,0
DA:15,0
DA:16,0
DA:17,0
DA:18,0
DA:19,0
DA:20,0
DA:21,0
DA:22,0
DA:26,0
DA:27,0
DA:29,0
DA:30,0
DA:31,0
DA:32,0
DA:33,0
DA:34,0
DA:35,0
DA:36,0
DA:37,0
DA:38,0
DA:39,0
DA:40,0
DA:42,0
DA:43,0
DA:44,0
DA:46,0
DA:47,0
DA:48,0
DA:49,0
DA:51,0
DA:52,0
DA:53,0
DA:55,0
DA:56,0
DA:57,0
DA:58,0
DA:59,0
DA:60,0
DA:62,0
DA:63,0
DA:64,0
DA:65,0
DA:66,0
DA:72,0
DA:73,0
DA:75,0
DA:76,0
DA:77,0
DA:78,0
DA:79,0
DA:83,0
DA:84,0
DA:87,0
DA:90,0
DA:91,0
DA:92,0
DA:93,0
DA:94,0
DA:95,0
DA:96,0
DA:97,0
DA:98,0
DA:99,0
DA:100,0
DA:101,0
DA:102,0
DA:103,0
DA:104,0
DA:105,0
DA:106,0
DA:109,0
DA:110,0
DA:111,0
DA:112,0
DA:115,0
DA:116,0
DA:118,0
DA:119,0
DA:120,0
DA:121,0
DA:122,0
DA:123,0
DA:124,0
DA:126,0
DA:127,0
DA:128,0
DA:129,0
DA:134,0
DA:135,0
DA:137,0
DA:139,0
DA:140,0
DA:141,0
DA:143,0
DA:144,0
DA:145,0
DA:150,0
DA:151,0
DA:152,0
DA:154,0
DA:156,0
DA:157,0
DA:159,0
DA:160,0
DA:161,0
DA:166,0
DA:167,0
DA:168,0
DA:170,0
DA:172,0
DA:173,0
DA:176,0
DA:177,0
DA:178,0
DA:179,0
DA:180,0
DA:181,0
DA:182,0
DA:183,0
DA:184,0
DA:185,0
DA:188,0
DA:189,0
DA:191,0
DA:192,0
DA:193,0
DA:194,0
DA:195,0
DA:197,0
DA:198,0
DA:199,0
DA:200,0
DA:202,0
DA:203,0
DA:204,0
DA:205,0
DA:207,0
DA:208,0
DA:209,0
DA:210,0
DA:213,0
DA:214,0
DA:215,0
DA:216,0
DA:217,0
DA:218,0
DA:223,0
DA:226,0
DA:227,0
DA:229,0
DA:232,0
DA:234,0
DA:235,0
DA:236,0
DA:237,0
DA:238,0
DA:240,0
DA:241,0
DA:242,0
DA:244,0
DA:247,0
DA:248,0
DA:249,0
DA:254,0
DA:255,0
DA:257,0
DA:258,0
DA:259,0
DA:260,0
DA:261,0
DA:263,0
DA:264,0
DA:265,0
DA:270,0
DA:271,0
DA:272,0
DA:274,0
DA:275,0
DA:276,0
DA:277,0
DA:279,0
DA:280,0
DA:281,0
DA:282,0
DA:283,0
DA:285,0
DA:286,0
DA:287,0
DA:288,0
DA:289,0
DA:291,0
DA:292,0
DA:297,0
DA:298,0
DA:299,0
DA:300,0
DA:302,0
LF:203
LH:0
end_of_record
TN:
SF:/home/sridhar/claude-rust/src/commands/print.rs
FN:10,run
FN:41,run_text_mode
FN:69,run_json_mode
FN:89,run_stream_mode
FNF:4
FNDA:0,run
FNDA:0,run_text_mode
FNDA:0,run_json_mode
FNDA:0,run_stream_mode
DA:10,0
DA:15,0
DA:16,0
DA:18,0
DA:19,0
DA:20,0
DA:23,0
DA:26,0
DA:28,0
DA:30,0
DA:33,0
DA:36,0
DA:41,0
DA:43,0
DA:46,0
DA:47,0
DA:48,0
DA:49,0
DA:50,0
DA:51,0
DA:53,0
DA:54,0
DA:56,0
DA:58,0
DA:60,0
DA:61,0
DA:64,0
DA:66,0
DA:69,0
DA:71,0
DA:73,0
DA:75,0
DA:76,0
DA:77,0
DA:78,0
DA:81,0
DA:84,0
DA:86,0
DA:89,0
DA:90,0
DA:92,0
DA:94,0
DA:97,0
DA:98,0
DA:100,0
LF:45
LH:0
end_of_record
TN:
SF:/home/sridhar/claude-rust/src/commands/repl.rs
FN:27,run
FN:85,handle_slash_command
FN:237,handle_prompt
FN:262,show_help
FN:273,show_status
FNF:5
FNDA:0,run
FNDA:0,handle_slash_command
FNDA:0,handle_prompt
FNDA:0,show_help
FNDA:0,show_status
DA:27,0
DA:28,0
DA:29,0
DA:30,0
DA:31,0
DA:32,0
DA:33,0
DA:34,0
DA:35,0
DA:36,0
DA:39,0
DA:40,0
DA:43,0
DA:44,0
DA:46,0
DA:47,0
DA:49,0
DA:50,0
DA:52,0
DA:53,0
DA:54,0
DA:55,0
DA:59,0
DA:60,0
DA:61,0
DA:65,0
DA:66,0
DA:67,0
DA:68,0
DA:70,0
DA:74,0
DA:75,0
DA:76,0
DA:77,0
DA:82,0
DA:85,0
DA:86,0
DA:87,0
DA:89,0
DA:90,0
DA:91,0
DA:93,0
DA:94,0
DA:95,0
DA:97,0
DA:98,0
DA:99,0
DA:101,0
DA:102,0
DA:104,0
DA:105,0
DA:106,0
DA:107,0
DA:108,0
DA:110,0
DA:111,0
DA:112,0
DA:115,0
DA:116,0
DA:117,0
DA:118,0
DA:119,0
DA:121,0
DA:122,0
DA:125,0
DA:126,0
DA:127,0
DA:128,0
DA:129,0
DA:130,0
DA:132,0
DA:134,0
DA:136,0
DA:138,0
DA:139,0
DA:140,0
DA:142,0
DA:143,0
DA:144,0
DA:145,0
DA:147,0
DA:148,0
DA:149,0
DA:150,0
DA:151,0
DA:153,0
DA:154,0
DA:155,0
DA:157,0
DA:158,0
DA:159,0
DA:160,0
DA:162,0
DA:163,0
DA:164,0
DA:165,0
DA:166,0
DA:167,0
DA:168,0
DA:169,0
DA:170,0
DA:171,0
DA:172,0
DA:173,0
DA:174,0
DA:176,0
DA:177,0
DA:178,0
DA:179,0
DA:180,0
DA:181,0
DA:183,0
DA:184,0
DA:185,0
DA:187,0
DA:188,0
DA:189,0
DA:190,0
DA:192,0
DA:193,0
DA:194,0
DA:195,0
DA:196,0
DA:198,0
DA:199,0
DA:200,0
DA:201,0
DA:202,0
DA:203,0
DA:204,0
DA:205,0
DA:206,0
DA:208,0
DA:209,0
DA:210,0
DA:211,0
DA:213,0
DA:214,0
DA:218,0
DA:221,0
DA:222,0
DA:223,0
DA:224,0
DA:226,0
DA:228,0
DA:229,0
DA:230,0
DA:234,0
DA:237,0
DA:238,0
DA:240,0
DA:241,0
DA:243,0
DA:244,0
DA:247,0
DA:248,0
DA:251,0
DA:252,0
DA:253,0
DA:254,0
DA:255,0
DA:256,0
DA:259,0
DA:262,0
DA:263,0
DA:264,0
DA:265,0
DA:266,0
DA:267,0
DA:269,0
DA:270,0
DA:273,0
DA:274,0
DA:275,0
DA:276,0
DA:277,0
DA:278,0
DA:279,0
LF:178
LH:0
end_of_record
TN:
SF:/home/sridhar/claude-rust/src/commands/reset.rs
FN:7,run
FNF:1
FNDA:0,run
DA:7,0
DA:8,0
DA:9,0
DA:10,0
DA:11,0
DA:12,0
DA:13,0
DA:14,0
DA:15,0
DA:17,0
DA:18,0
DA:19,0
DA:20,0
DA:22,0
DA:23,0
DA:24,0
DA:27,0
DA:28,0
DA:30,0
DA:31,0
DA:33,0
DA:35,0
DA:36,0
DA:37,0
DA:38,0
DA:39,0
DA:40,0
DA:41,0
DA:46,0
DA:48,0
DA:49,0
DA:50,0
DA:51,0
DA:53,0
DA:56,0
DA:57,0
DA:58,0
DA:59,0
DA:61,0
DA:64,0
DA:65,0
DA:66,0
DA:67,0
DA:69,0
DA:72,0
DA:73,0
DA:74,0
DA:75,0
DA:77,0
DA:81,0
DA:82,0
DA:83,0
DA:84,0
DA:85,0
DA:86,0
DA:87,0
DA:89,0
DA:90,0
DA:92,0
DA:93,0
DA:98,0
LF:61
LH:0
end_of_record
TN:
SF:/home/sridhar/claude-rust/src/commands/setup.rs
FN:82,run
FNF:1
FNDA:0,run
DA:82,0
DA:83,0
DA:84,0
DA:87,0
DA:90,0
DA:92,0
DA:93,0
DA:94,0
DA:95,0
DA:96,0
DA:99,0
DA:100,0
DA:101,0
DA:102,0
DA:106,0
DA:108,0
DA:115,0
DA:118,0
DA:119,0
DA:121,0
DA:125,0
DA:126,0
DA:127,0
DA:128,0
DA:129,0
DA:130,0
DA:131,0
DA:132,0
DA:135,0
DA:136,0
DA:137,0
DA:138,0
DA:139,0
DA:140,0
DA:141,0
DA:142,0
DA:147,0
DA:148,0
DA:149,0
DA:150,0
DA:151,0
DA:154,0
DA:157,0
DA:159,0
DA:163,0
DA:165,0
DA:166,0
DA:167,0
DA:170,0
DA:171,0
DA:172,0
DA:177,0
DA:178,0
DA:179,0
DA:185,0
DA:186,0
DA:187,0
DA:190,0
DA:193,0
DA:197,0
DA:198,0
DA:201,0
DA:202,0
DA:203,0
DA:205,0
DA:208,0
DA:209,0
DA:210,0
DA:212,0
DA:213,0
DA:214,0
DA:215,0
DA:216,0
DA:218,0
DA:221,0
DA:222,0
DA:227,0
DA:230,0
DA:231,0
DA:232,0
DA:233,0
DA:234,0
DA:236,0
DA:237,0
DA:238,0
DA:242,0
DA:243,0
DA:246,0
DA:248,0
DA:250,0
DA:254,0
DA:255,0
DA:256,0
DA:258,0
DA:261,0
DA:262,0
DA:265,0
DA:267,0
DA:268,0
DA:270,0
DA:275,0
DA:276,0
DA:277,0
DA:279,0
DA:280,0
DA:283,0
DA:284,0
DA:288,0
DA:291,0
DA:292,0
DA:296,0
DA:297,0
DA:298,0
DA:299,0
DA:301,0
DA:302,0
DA:304,0
LF:117
LH:0
end_of_record
TN:
SF:/home/sridhar/claude-rust/src/commands/status.rs
FN:7,run
FNF:1
FNDA:0,run
DA:7,0
DA:8,0
DA:11,0
DA:12,0
DA:13,0
DA:15,0
DA:19,0
DA:20,0
DA:23,0
DA:24,0
DA:25,0
DA:26,0
DA:27,0
DA:28,0
DA:29,0
DA:30,0
DA:31,0
DA:37,0
DA:38,0
DA:39,0
DA:40,0
DA:45,0
DA:46,0
DA:47,0
DA:50,0
DA:51,0
DA:52,0
DA:55,0
LF:28
LH:0
end_of_record
TN:
SF:/home/sridhar/claude-rust/src/commands/update.rs
FN:34,run
FN:40,check_and_update
FN:101,check_update_silent
FN:117,get_latest_release
FN:133,is_newer_version
FN:150,parse_version
FN:161,perform_update
FNF:7
FNDA:0,run
FNDA:0,check_and_update
FNDA:0,check_update_silent
FNDA:0,get_latest_release
FNDA:0,is_newer_version
FNDA:0,parse_version
FNDA:0,perform_update
DA:34,0
DA:35,0
DA:37,0
DA:40,0
DA:41,0
DA:43,0
DA:46,0
DA:47,0
DA:48,0
DA:50,0
DA:51,0
DA:52,0
DA:55,0
DA:56,0
DA:57,0
DA:58,0
DA:59,0
DA:60,0
DA:61,0
DA:62,0
DA:63,0
DA:65,0
DA:66,0
DA:67,0
DA:68,0
DA:69,0
DA:70,0
DA:72,0
DA:76,0
DA:77,0
DA:78,0
DA:79,0
DA:80,0
DA:81,0
DA:82,0
DA:84,0
DA:86,0
DA:87,0
DA:90,0
DA:91,0
DA:92,0
DA:93,0
DA:95,0
DA:101,0
DA:102,0
DA:104,0
DA:105,0
DA:106,0
DA:107,0
DA:108,0
DA:110,0
DA:113,0
DA:117,0
DA:118,0
DA:123,0
DA:124,0
DA:127,0
DA:130,0
DA:133,0
DA:134,0
DA:135,0
DA:137,0
DA:138,0
DA:139,0
DA:141,0
DA:142,0
DA:147,0
DA:150,0
DA:151,0
DA:152,0
DA:154,0
DA:156,0
DA:161,0
DA:162,0
DA:165,0
DA:167,0
DA:169,0
DA:174,0
DA:176,0
DA:178,0
DA:182,0
DA:183,0
DA:184,0
DA:185,0
DA:188,0
DA:191,0
DA:196,0
DA:198,0
DA:200,0
DA:204,0
DA:205,0
DA:206,0
DA:207,0
DA:210,0
DA:214,0
DA:217,0
DA:218,0
DA:220,0
DA:221,0
DA:223,0
LF:100
LH:0
end_of_record
TN:
SF:/home/sridhar/claude-rust/src/commands/version.rs
FN:5,run
FNF:1
FNDA:0,run
DA:5,0
DA:6,0
DA:7,0
LF:3
LH:0
end_of_record
TN:
SF:/home/sridhar/claude-rust/src/config.rs
FN:113,default_provider
FN:117,default_true
FN:121,default_timeout
FN:125,default_retries
FN:129,default_compact_threshold
FN:133,default_compact_messages
FN:161,<impl Default for Config>::default
FN:218,Config::from_env
FN:307,Config::add_allowed_dir
FN:312,Config::load
FN:333,Config::find_config_file
FN:349,Config::config_dir
FN:362,Config::default_config_path
FN:367,Config::save
FN:381,Config::cache_dir
FN:394,Config::data_dir
FNF:16
FNDA:0,default_provider
FNDA:0,default_true
FNDA:0,default_timeout
FNDA:0,default_retries
FNDA:0,default_compact_threshold
FNDA:0,default_compact_messages
FNDA:17,<impl Default for Config>::default
FNDA:13,Config::from_env
FNDA:1,Config::add_allowed_dir
FNDA:0,Config::load
FNDA:0,Config::find_config_file
FNDA:0,Config::config_dir
FNDA:0,Config::default_config_path
FNDA:0,Config::save
FNDA:0,Config::cache_dir
FNDA:0,Config::data_dir
DA:113,0
DA:114,0
DA:117,0
DA:118,0
DA:121,0
DA:122,0
DA:125,0
DA:126,0
DA:129,0
DA:130,0
DA:133,0
DA:134,0
DA:161,17
DA:162,34
DA:163,0
DA:164,17
DA:165,0
DA:167,34
DA:171,34
DA:173,34
DA:174,34
DA:176,17
DA:177,17
DA:178,17
DA:179,17
DA:181,17
DA:182,17
DA:183,51
DA:184,51
DA:185,34
DA:186,51
DA:187,17
DA:190,17
DA:194,17
DA:198,51
DA:201,51
DA:204,17
DA:208,17
DA:218,13
DA:220,29
DA:221,3
DA:222,12
DA:223,2
DA:224,10
DA:225,2
DA:226,7
DA:227,1
DA:228,6
DA:229,1
DA:230,5
DA:231,1
DA:232,4
DA:233,1
DA:235,2
DA:239,39
DA:240,22
DA:241,6
DA:242,16
DA:243,4
DA:244,12
DA:245,4
DA:246,8
DA:247,2
DA:248,6
DA:249,2
DA:250,4
DA:251,2
DA:252,2
DA:253,2
DA:255,0
DA:258,8
DA:264,26
DA:265,26
DA:266,26
DA:267,13
DA:268,13
DA:269,13
DA:270,13
DA:272,13
DA:273,13
DA:274,39
DA:275,39
DA:276,26
DA:277,39
DA:278,13
DA:281,13
DA:285,13
DA:289,39
DA:290,39
DA:292,39
DA:295,13
DA:299,13
DA:307,1
DA:308,4
DA:312,0
DA:313,0
DA:315,0
DA:316,0
DA:319,0
DA:322,0
DA:323,0
DA:326,0
DA:327,0
DA:328,0
DA:333,0
DA:334,0
DA:335,0
DA:336,0
DA:339,0
DA:340,0
DA:341,0
DA:345,0
DA:349,0
DA:350,0
DA:354,0
DA:355,0
DA:358,0
DA:362,0
DA:363,0
DA:367,0
DA:368,0
DA:369,0
DA:371,0
DA:374,0
DA:377,0
DA:381,0
DA:382,0
DA:386,0
DA:387,0
DA:390,0
DA:394,0
DA:395,0
DA:399,0
DA:400,0
DA:403,0
LF:135
LH:79
end_of_record
TN:
SF:/home/sridhar/claude-rust/src/main.rs
FN:26,main
FN:115,run_command
FN:308,run_mlx_command
FNF:3
FNDA:0,main
FNDA:0,run_command
FNDA:0,run_mlx_command
DA:26,0
DA:28,0
DA:30,0
DA:31,0
DA:40,0
DA:43,0
DA:44,0
DA:45,0
DA:46,0
DA:47,0
DA:48,0
DA:54,0
DA:55,0
DA:56,0
DA:57,0
DA:58,0
DA:59,0
DA:60,0
DA:66,0
DA:67,0
DA:68,0
DA:69,0
DA:70,0
DA:71,0
DA:72,0
DA:77,0
DA:80,0
DA:81,0
DA:83,0
DA:84,0
DA:85,0
DA:86,0
DA:87,0
DA:88,0
DA:89,0
DA:90,0
DA:95,0
DA:98,0
DA:101,0
DA:103,0
DA:104,0
DA:105,0
DA:106,0
DA:107,0
DA:108,0
DA:115,0
DA:118,0
DA:121,0
DA:122,0
DA:124,0
DA:125,0
DA:131,0
DA:132,0
DA:133,0
DA:134,0
DA:135,0
DA:139,0
DA:140,0
DA:141,0
DA:142,0
DA:143,0
DA:145,0
DA:149,0
DA:150,0
DA:151,0
DA:154,0
DA:155,0
DA:158,0
DA:159,0
DA:163,0
DA:166,0
DA:167,0
DA:171,0
DA:175,0
DA:178,0
DA:179,0
DA:182,0
DA:183,0
DA:184,0
DA:186,0
DA:190,0
DA:191,0
DA:194,0
DA:195,0
DA:198,0
DA:199,0
DA:203,0
DA:207,0
DA:211,0
DA:214,0
DA:216,0
DA:217,0
DA:219,0
DA:220,0
DA:223,0
DA:224,0
DA:225,0
DA:226,0
DA:229,0
DA:230,0
DA:233,0
DA:235,0
DA:236,0
DA:239,0
DA:241,0
DA:242,0
DA:245,0
DA:247,0
DA:248,0
DA:251,0
DA:253,0
DA:254,0
DA:257,0
DA:259,0
DA:260,0
DA:265,0
DA:266,0
DA:269,0
DA:270,0
DA:272,0
DA:273,0
DA:274,0
DA:275,0
DA:276,0
DA:277,0
DA:278,0
DA:281,0
DA:282,0
DA:285,0
DA:287,0
DA:288,0
DA:293,0
DA:294,0
DA:302,0
DA:308,0
DA:311,0
DA:312,0
DA:315,0
DA:316,0
DA:317,0
DA:318,0
DA:319,0
DA:320,0
DA:321,0
DA:323,0
DA:327,0
DA:328,0
DA:329,0
DA:333,0
DA:334,0
DA:335,0
DA:336,0
DA:337,0
DA:338,0
DA:339,0
DA:340,0
DA:344,0
DA:345,0
DA:346,0
DA:347,0
DA:348,0
DA:349,0
DA:351,0
DA:355,0
DA:356,0
DA:357,0
DA:360,0
DA:361,0
DA:364,0
DA:365,0
DA:366,0
DA:370,0
DA:371,0
DA:372,0
DA:373,0
DA:374,0
DA:375,0
DA:376,0
DA:379,0
LF:179
LH:0
end_of_record
TN:
SF:/home/sridhar/claude-rust/src/mlx/mod.rs
FN:68,MlxConfig::new
FN:80,MlxConfig::default_model_dir
FN:87,MlxConfig::is_apple_silicon
FN:102,MlxConfig::check_mlx_lm_installed
FN:113,MlxConfig::detect
FN:133,MlxConfig::scan_cached_models
FN:155,MlxConfig::install_mlx_lm
FN:176,MlxConfig::download_model
FN:197,MlxConfig::list_huggingface_models
FN:236,MlxConfig::generate
FN:269,MlxConfig::generate_streaming
FN:316,<impl Default for MlxConfig>::default
FN:322,print_mlx_status
FN:362,interactive_model_setup
FN:422,should_suggest_mlx
FNF:15
FNDA:1,MlxConfig::new
FNDA:2,MlxConfig::default_model_dir
FNDA:0,MlxConfig::is_apple_silicon
FNDA:0,MlxConfig::check_mlx_lm_installed
FNDA:0,MlxConfig::detect
FNDA:0,MlxConfig::scan_cached_models
FNDA:0,MlxConfig::install_mlx_lm
FNDA:0,MlxConfig::download_model
FNDA:0,MlxConfig::list_huggingface_models
FNDA:0,MlxConfig::generate
FNDA:0,MlxConfig::generate_streaming
FNDA:0,<impl Default for MlxConfig>::default
FNDA:0,print_mlx_status
FNDA:0,interactive_model_setup
FNDA:0,should_suggest_mlx
DA:68,1
DA:73,2
DA:74,1
DA:80,2
DA:81,2
DA:82,2
DA:87,0
DA:89,0
DA:90,0
DA:94,0
DA:95,0
DA:98,0
DA:102,0
DA:103,0
DA:105,0
DA:106,0
DA:108,0
DA:113,0
DA:114,0
DA:116,0
DA:118,0
DA:119,0
DA:120,0
DA:121,0
DA:122,0
DA:126,0
DA:129,0
DA:133,0
DA:134,0
DA:136,0
DA:137,0
DA:140,0
DA:141,0
DA:142,0
DA:143,0
DA:144,0
DA:145,0
DA:146,0
DA:147,0
DA:149,0
DA:151,0
DA:155,0
DA:156,0
DA:158,0
DA:159,0
DA:161,0
DA:162,0
DA:166,0
DA:167,0
DA:168,0
DA:171,0
DA:172,0
DA:176,0
DA:177,0
DA:179,0
DA:180,0
DA:182,0
DA:183,0
DA:187,0
DA:188,0
DA:189,0
DA:192,0
DA:193,0
DA:197,0
DA:198,0
DA:201,0
DA:203,0
DA:204,0
DA:207,0
DA:219,0
DA:221,0
DA:223,0
DA:224,0
DA:225,0
DA:226,0
DA:227,0
DA:228,0
DA:232,0
DA:236,0
DA:237,0
DA:240,0
DA:245,0
DA:254,0
DA:255,0
DA:259,0
DA:260,0
DA:261,0
DA:264,0
DA:265,0
DA:269,0
DA:273,0
DA:275,0
DA:280,0
DA:286,0
DA:289,0
DA:290,0
DA:291,0
DA:297,0
DA:298,0
DA:299,0
DA:300,0
DA:301,0
DA:306,0
DA:307,0
DA:308,0
DA:311,0
DA:316,0
DA:317,0
DA:322,0
DA:323,0
DA:324,0
DA:326,0
DA:327,0
DA:328,0
DA:330,0
DA:331,0
DA:333,0
DA:334,0
DA:337,0
DA:338,0
DA:340,0
DA:341,0
DA:342,0
DA:343,0
DA:344,0
DA:348,0
DA:349,0
DA:350,0
DA:353,0
DA:354,0
DA:355,0
DA:356,0
DA:358,0
DA:362,0
DA:365,0
DA:366,0
DA:367,0
DA:370,0
DA:371,0
DA:372,0
DA:373,0
DA:374,0
DA:377,0
DA:378,0
DA:379,0
DA:381,0
DA:386,0
DA:387,0
DA:389,0
DA:390,0
DA:395,0
DA:396,0
DA:397,0
DA:399,0
DA:401,0
DA:404,0
DA:406,0
DA:410,0
DA:412,0
DA:413,0
DA:416,0
DA:418,0
DA:422,0
DA:423,0
LF:164
LH:6
end_of_record
TN:
SF:/home/sridhar/claude-rust/src/plugins/mod.rs
FN:274,PluginRegistry::new
FN:279,PluginRegistry::load_plugins
FN:307,PluginRegistry::load_from_dir
FN:352,PluginRegistry::load_plugin
FN:383,PluginRegistry::merge_hooks
FN:402,PluginRegistry::is_plugin_enabled
FN:411,PluginRegistry::get_user_plugins_dir
FN:425,PluginRegistry::get_skills_dir
FN:439,PluginRegistry::load_skills
FN:480,PluginRegistry::parse_skill_file
FN:564,PluginRegistry::get_all_skills
FN:571,PluginRegistry::install_plugin
FN:597,PluginRegistry::get_plugins_dir_for_scope
FN:621,PluginRegistry::install_from_git
FN:636,PluginRegistry::copy_dir
FN:652,PluginRegistry::extract_plugin_name
FN:664,PluginRegistry::uninstall_plugin
FN:689,PluginRegistry::enable_plugin
FN:715,PluginRegistry::validate_plugin
FN:775,PluginRegistry::list_marketplace_plugins
FN:811,get_builtin_plugins
FN:848,<impl Default for Skill>::default
FN:868,<impl Default for HookDef>::default
FNF:23
FNDA:0,PluginRegistry::new
FNDA:0,PluginRegistry::load_plugins
FNDA:0,PluginRegistry::load_from_dir
FNDA:0,PluginRegistry::load_plugin
FNDA:0,PluginRegistry::merge_hooks
FNDA:0,PluginRegistry::is_plugin_enabled
FNDA:0,PluginRegistry::get_user_plugins_dir
FNDA:0,PluginRegistry::get_skills_dir
FNDA:0,PluginRegistry::load_skills
FNDA:0,PluginRegistry::parse_skill_file
FNDA:0,PluginRegistry::get_all_skills
FNDA:0,PluginRegistry::install_plugin
FNDA:0,PluginRegistry::get_plugins_dir_for_scope
FNDA:0,PluginRegistry::install_from_git
FNDA:0,PluginRegistry::copy_dir
FNDA:0,PluginRegistry::extract_plugin_name
FNDA:0,PluginRegistry::uninstall_plugin
FNDA:0,PluginRegistry::enable_plugin
FNDA:0,PluginRegistry::validate_plugin
FNDA:0,PluginRegistry::list_marketplace_plugins
FNDA:0,get_builtin_plugins
FNDA:0,<impl Default for Skill>::default
FNDA:0,<impl Default for HookDef>::default
DA:274,0
DA:275,0
DA:279,0
DA:280,0
DA:283,0
DA:284,0
DA:285,0
DA:289,0
DA:290,0
DA:291,0
DA:292,0
DA:297,0
DA:298,0
DA:299,0
DA:300,0
DA:304,0
DA:307,0
DA:313,0
DA:314,0
DA:317,0
DA:318,0
DA:319,0
DA:322,0
DA:323,0
DA:324,0
DA:325,0
DA:326,0
DA:327,0
DA:328,0
DA:329,0
DA:331,0
DA:334,0
DA:337,0
DA:338,0
DA:345,0
DA:349,0
DA:352,0
DA:354,0
DA:355,0
DA:356,0
DA:357,0
DA:359,0
DA:363,0
DA:364,0
DA:365,0
DA:366,0
DA:368,0
DA:372,0
DA:373,0
DA:374,0
DA:375,0
DA:377,0
DA:380,0
DA:383,0
DA:384,0
DA:385,0
DA:386,0
DA:387,0
DA:388,0
DA:389,0
DA:390,0
DA:391,0
DA:392,0
DA:393,0
DA:394,0
DA:395,0
DA:396,0
DA:397,0
DA:398,0
DA:399,0
DA:402,0
DA:403,0
DA:405,0
DA:406,0
DA:407,0
DA:411,0
DA:412,0
DA:417,0
DA:418,0
DA:421,0
DA:425,0
DA:426,0
DA:431,0
DA:432,0
DA:435,0
DA:439,0
DA:440,0
DA:441,0
DA:443,0
DA:444,0
DA:447,0
DA:448,0
DA:449,0
DA:451,0
DA:452,0
DA:453,0
DA:454,0
DA:456,0
DA:457,0
DA:458,0
DA:459,0
DA:460,0
DA:461,0
DA:463,0
DA:466,0
DA:467,0
DA:468,0
DA:472,0
DA:473,0
DA:477,0
DA:480,0
DA:481,0
DA:483,0
DA:484,0
DA:485,0
DA:486,0
DA:487,0
DA:492,0
DA:493,0
DA:494,0
DA:495,0
DA:496,0
DA:497,0
DA:501,0
DA:502,0
DA:504,0
DA:505,0
DA:506,0
DA:510,0
DA:511,0
DA:512,0
DA:514,0
DA:515,0
DA:516,0
DA:517,0
DA:518,0
DA:522,0
DA:523,0
DA:524,0
DA:526,0
DA:527,0
DA:528,0
DA:531,0
DA:532,0
DA:533,0
DA:534,0
DA:535,0
DA:539,0
DA:541,0
DA:542,0
DA:543,0
DA:544,0
DA:545,0
DA:546,0
DA:547,0
DA:548,0
DA:549,0
DA:556,0
DA:557,0
DA:564,0
DA:565,0
DA:566,0
DA:567,0
DA:571,0
DA:572,0
DA:573,0
DA:575,0
DA:577,0
DA:578,0
DA:581,0
DA:583,0
DA:586,0
DA:587,0
DA:588,0
DA:590,0
DA:591,0
DA:594,0
DA:597,0
DA:598,0
DA:599,0
DA:604,0
DA:606,0
DA:610,0
DA:614,0
DA:615,0
DA:618,0
DA:621,0
DA:622,0
DA:623,0
DA:624,0
DA:628,0
DA:629,0
DA:630,0
DA:633,0
DA:636,0
DA:637,0
DA:638,0
DA:639,0
DA:640,0
DA:642,0
DA:643,0
DA:644,0
DA:646,0
DA:649,0
DA:652,0
DA:654,0
DA:664,0
DA:666,0
DA:667,0
DA:668,0
DA:669,0
DA:671,0
DA:676,0
DA:678,0
DA:679,0
DA:680,0
DA:682,0
DA:685,0
DA:689,0
DA:693,0
DA:694,0
DA:695,0
DA:697,0
DA:700,0
DA:701,0
DA:702,0
DA:704,0
DA:708,0
DA:710,0
DA:711,0
DA:715,0
DA:716,0
DA:719,0
DA:720,0
DA:721,0
DA:723,0
DA:724,0
DA:725,0
DA:726,0
DA:728,0
DA:732,0
DA:733,0
DA:734,0
DA:735,0
DA:736,0
DA:737,0
DA:739,0
DA:744,0
DA:745,0
DA:746,0
DA:747,0
DA:752,0
DA:753,0
DA:754,0
DA:755,0
DA:760,0
DA:761,0
DA:762,0
DA:763,0
DA:764,0
DA:765,0
DA:766,0
DA:771,0
DA:775,0
DA:778,0
DA:811,0
DA:812,0
DA:813,0
DA:814,0
DA:815,0
DA:816,0
DA:817,0
DA:818,0
DA:819,0
DA:820,0
DA:821,0
DA:822,0
DA:823,0
DA:825,0
DA:826,0
DA:827,0
DA:828,0
DA:829,0
DA:830,0
DA:833,0
DA:834,0
DA:835,0
DA:836,0
DA:837,0
DA:838,0
DA:841,0
DA:848,0
DA:850,0
DA:851,0
DA:853,0
DA:855,0
DA:861,0
DA:868,0
DA:879,0
LF:299
LH:0
end_of_record
TN:
SF:/home/sridhar/claude-rust/src/state.rs
FN:56,AppState::new
FN:69,AppState::default_tools
FN:114,AppState::add_message
FN:122,AppState::save_config
FN:126,AppState::load_config
FN:131,AppState::set_session_id
FN:135,AppState::clear_history
FN:139,AppState::add_hook
FN:147,AppState::remove_hook
FN:152,AppState::estimate_context_tokens
FN:161,AppState::context_usage_percent
FN:168,AppState::needs_compaction
FN:177,AppState::compact
FN:231,AppState::auto_compact_if_needed
FNF:14
FNDA:0,AppState::new
FNDA:0,AppState::default_tools
FNDA:0,AppState::add_message
FNDA:0,AppState::save_config
FNDA:0,AppState::load_config
FNDA:0,AppState::set_session_id
FNDA:0,AppState::clear_history
FNDA:0,AppState::add_hook
FNDA:0,AppState::remove_hook
FNDA:0,AppState::estimate_context_tokens
FNDA:0,AppState::context_usage_percent
FNDA:0,AppState::needs_compaction
FNDA:0,AppState::compact
FNDA:0,AppState::auto_compact_if_needed
DA:56,0
DA:57,0
DA:60,0
DA:61,0
DA:62,0
DA:63,0
DA:64,0
DA:69,0
DA:70,0
DA:71,0
DA:72,0
DA:73,0
DA:74,0
DA:76,0
DA:77,0
DA:78,0
DA:79,0
DA:81,0
DA:82,0
DA:83,0
DA:84,0
DA:86,0
DA:87,0
DA:88,0
DA:89,0
DA:91,0
DA:92,0
DA:93,0
DA:94,0
DA:96,0
DA:97,0
DA:98,0
DA:99,0
DA:101,0
DA:102,0
DA:103,0
DA:104,0
DA:106,0
DA:107,0
DA:108,0
DA:109,0
DA:114,0
DA:115,0
DA:116,0
DA:117,0
DA:118,0
DA:122,0
DA:123,0
DA:126,0
DA:127,0
DA:128,0
DA:131,0
DA:132,0
DA:135,0
DA:136,0
DA:139,0
DA:140,0
DA:141,0
DA:142,0
DA:143,0
DA:147,0
DA:148,0
DA:152,0
DA:153,0
DA:155,0
DA:157,0
DA:161,0
DA:162,0
DA:163,0
DA:164,0
DA:168,0
DA:169,0
DA:170,0
DA:172,0
DA:177,0
DA:178,0
DA:179,0
DA:181,0
DA:182,0
DA:183,0
DA:184,0
DA:185,0
DA:186,0
DA:191,0
DA:192,0
DA:193,0
DA:194,0
DA:198,0
DA:199,0
DA:202,0
DA:205,0
DA:209,0
DA:210,0
DA:213,0
DA:216,0
DA:217,0
DA:218,0
DA:219,0
DA:224,0
DA:226,0
DA:231,0
DA:232,0
DA:233,0
DA:235,0
LF:104
LH:0
end_of_record
TN:
SF:/home/sridhar/claude-rust/src/tools/bash.rs
FN:43,BashTool::new
FN:52,BashTool::with_timeout
FN:58,BashTool::with_allowed_dir
FN:64,BashTool::validate_command
FN:97,BashTool::parse_command
FN:136,<impl Default for BashTool>::default
FN:142,<impl Tool for BashTool>::name
FN:146,<impl Tool for BashTool>::description
FN:150,<impl Tool for BashTool>::execute
FNF:9
FNDA:0,BashTool::new
FNDA:0,BashTool::with_timeout
FNDA:0,BashTool::with_allowed_dir
FNDA:7,BashTool::validate_command
FNDA:2,BashTool::parse_command
FNDA:0,<impl Default for BashTool>::default
FNDA:0,<impl Tool for BashTool>::name
FNDA:0,<impl Tool for BashTool>::description
FNDA:0,<impl Tool for BashTool>::execute
DA:43,0
DA:46,0
DA:47,0
DA:52,0
DA:53,0
DA:54,0
DA:58,0
DA:59,0
DA:60,0
DA:64,7
DA:65,21
DA:68,37
DA:69,111
DA:70,1
DA:71,1
DA:76,48
DA:77,96
DA:78,0
DA:83,22
DA:84,2
DA:88,8
DA:90,0
DA:93,4
DA:97,2
DA:99,4
DA:100,4
DA:101,4
DA:102,4
DA:104,37
DA:105,1
DA:106,2
DA:107,1
DA:108,1
DA:110,4
DA:111,1
DA:113,4
DA:114,8
DA:115,20
DA:116,4
DA:119,81
DA:122,4
DA:123,4
DA:126,4
DA:127,0
DA:130,6
DA:131,2
DA:136,0
DA:137,0
DA:142,0
DA:143,0
DA:146,0
DA:147,0
DA:150,0
DA:151,0
DA:152,0
DA:155,0
DA:156,0
DA:159,0
DA:160,0
DA:161,0
DA:165,0
DA:167,0
DA:170,0
DA:171,0
DA:174,0
DA:175,0
DA:178,0
DA:179,0
DA:180,0
DA:181,0
DA:182,0
DA:183,0
DA:184,0
DA:187,0
DA:188,0
DA:192,0
DA:193,0
DA:195,0
DA:197,0
DA:198,0
DA:199,0
DA:201,0
DA:204,0
DA:205,0
DA:206,0
DA:207,0
DA:208,0
DA:209,0
LF:88
LH:34
end_of_record
TN:
SF:/home/sridhar/claude-rust/src/tools/executor.rs
FN:16,ToolResult::success
FN:24,ToolResult::error
FN:32,ToolResult::to_content
FN:43,execute_tool
FN:62,execute_bash
FN:113,execute_read
FN:140,execute_write
FN:163,execute_edit
FN:193,execute_glob
FN:221,execute_grep
FN:259,execute_webfetch
FN:285,execute_websearch
FN:333,execute_mkdir
FN:346,execute_rm
FN:368,execute_cp
FN:382,execute_mv
FN:397,get_tools_description
FNF:17
FNDA:2,ToolResult::success
FNDA:15,ToolResult::error
FNDA:2,ToolResult::to_content
FNDA:1,execute_tool
FNDA:2,execute_bash
FNDA:1,execute_read
FNDA:1,execute_write
FNDA:1,execute_edit
FNDA:0,execute_glob
FNDA:1,execute_grep
FNDA:1,execute_webfetch
FNDA:1,execute_websearch
FNDA:1,execute_mkdir
FNDA:1,execute_rm
FNDA:1,execute_cp
FNDA:1,execute_mv
FNDA:1,get_tools_description
DA:16,2
DA:24,15
DA:27,15
DA:28,15
DA:32,2
DA:33,2
DA:34,2
DA:36,5
DA:43,1
DA:44,1
DA:45,1
DA:46,4
DA:47,3
DA:48,3
DA:49,3
DA:50,3
DA:51,2
DA:52,5
DA:53,2
DA:54,2
DA:55,3
DA:56,2
DA:57,3
DA:58,2
DA:62,2
DA:63,4
DA:64,3
DA:67,4
DA:70,2
DA:71,1
DA:72,1
DA:73,3
DA:76,0
DA:78,0
DA:81,0
DA:82,0
DA:83,0
DA:84,0
DA:86,0
DA:88,0
DA:89,0
DA:90,0
DA:92,0
DA:95,0
DA:97,0
DA:100,0
DA:101,0
DA:102,0
DA:104,0
DA:106,0
DA:109,0
DA:113,1
DA:114,2
DA:115,3
DA:118,0
DA:119,0
DA:120,0
DA:123,0
DA:124,0
DA:125,0
DA:126,0
DA:127,0
DA:129,0
DA:130,0
DA:133,0
DA:136,0
DA:140,1
DA:141,1
DA:142,3
DA:145,0
DA:146,0
DA:149,0
DA:150,0
DA:151,0
DA:152,0
DA:157,0
DA:158,0
DA:159,0
DA:163,1
DA:164,1
DA:165,3
DA:168,0
DA:169,0
DA:170,0
DA:173,0
DA:174,0
DA:175,0
DA:178,0
DA:179,0
DA:181,0
DA:182,0
DA:185,0
DA:187,0
DA:188,0
DA:189,0
DA:193,0
DA:194,0
DA:197,0
DA:198,0
DA:204,0
DA:205,0
DA:206,0
DA:207,0
DA:208,0
DA:211,0
DA:212,0
DA:214,0
DA:217,0
DA:221,1
DA:222,2
DA:223,3
DA:226,0
DA:227,0
DA:230,0
DA:231,0
DA:233,0
DA:236,0
DA:237,0
DA:240,0
DA:241,0
DA:242,0
DA:243,0
DA:245,0
DA:246,0
DA:247,0
DA:249,0
DA:252,0
DA:255,0
DA:259,1
DA:260,2
DA:261,3
DA:264,0
DA:266,0
DA:267,0
DA:270,0
DA:271,0
DA:272,0
DA:273,0
DA:274,0
DA:275,0
DA:276,0
DA:278,0
DA:281,0
DA:285,1
DA:286,2
DA:287,3
DA:291,0
DA:294,0
DA:295,0
DA:297,0
DA:298,0
DA:301,0
DA:302,0
DA:303,0
DA:305,0
DA:306,0
DA:308,0
DA:310,0
DA:311,0
DA:312,0
DA:313,0
DA:314,0
DA:315,0
DA:316,0
DA:317,0
DA:318,0
DA:320,0
DA:323,0
DA:324,0
DA:326,0
DA:329,0
DA:333,1
DA:334,2
DA:335,3
DA:338,0
DA:340,0
DA:341,0
DA:342,0
DA:346,1
DA:347,2
DA:348,3
DA:351,0
DA:352,0
DA:354,0
DA:355,0
DA:356,0
DA:357,0
DA:359,0
DA:362,0
DA:363,0
DA:364,0
DA:368,1
DA:369,1
DA:370,3
DA:373,0
DA:374,0
DA:376,0
DA:377,0
DA:378,0
DA:382,1
DA:383,1
DA:384,3
DA:387,0
DA:388,0
DA:390,0
DA:391,0
DA:392,0
DA:397,1
DA:398,1
DA:400,1
DA:401,1
DA:402,1
DA:404,1
DA:405,1
DA:407,1
DA:408,1
DA:410,1
DA:411,1
DA:413,1
DA:414,1
DA:415,1
DA:417,1
DA:418,1
DA:419,1
DA:421,1
DA:422,1
DA:424,1
DA:425,1
DA:427,1
DA:428,1
DA:430,1
DA:431,1
DA:432,1
DA:434,1
DA:435,1
DA:437,1
DA:438,1
DA:440,1
DA:441,1
DA:442,1
DA:443,1
DA:444,2
LF:242
LH:97
end_of_record
TN:
SF:/home/sridhar/claude-rust/src/tools/file.rs
FN:13,FileRead::new
FN:19,<impl Default for FileRead>::default
FN:25,<impl Tool for FileRead>::name
FN:29,<impl Tool for FileRead>::description
FN:33,<impl Tool for FileRead>::execute
FN:61,FileWrite::new
FN:67,<impl Default for FileWrite>::default
FN:73,<impl Tool for FileWrite>::name
FN:77,<impl Tool for FileWrite>::description
FN:81,<impl Tool for FileWrite>::execute
FN:106,FileEdit::new
FN:112,<impl Default for FileEdit>::default
FN:118,<impl Tool for FileEdit>::name
FN:122,<impl Tool for FileEdit>::description
FN:126,<impl Tool for FileEdit>::execute
FNF:15
FNDA:0,FileRead::new
FNDA:0,<impl Default for FileRead>::default
FNDA:0,<impl Tool for FileRead>::name
FNDA:0,<impl Tool for FileRead>::description
FNDA:0,<impl Tool for FileRead>::execute
FNDA:0,FileWrite::new
FNDA:0,<impl Default for FileWrite>::default
FNDA:0,<impl Tool for FileWrite>::name
FNDA:0,<impl Tool for FileWrite>::description
FNDA:0,<impl Tool for FileWrite>::execute
FNDA:0,FileEdit::new
FNDA:0,<impl Default for FileEdit>::default
FNDA:0,<impl Tool for FileEdit>::name
FNDA:0,<impl Tool for FileEdit>::description
FNDA:0,<impl Tool for FileEdit>::execute
DA:13,0
DA:14,0
DA:19,0
DA:20,0
DA:25,0
DA:26,0
DA:29,0
DA:30,0
DA:33,0
DA:34,0
DA:35,0
DA:38,0
DA:39,0
DA:40,0
DA:43,0
DA:44,0
DA:46,0
DA:47,0
DA:48,0
DA:50,0
DA:53,0
DA:61,0
DA:62,0
DA:67,0
DA:68,0
DA:73,0
DA:74,0
DA:77,0
DA:78,0
DA:81,0
DA:82,0
DA:83,0
DA:86,0
DA:87,0
DA:90,0
DA:91,0
DA:92,0
DA:95,0
DA:96,0
DA:98,0
DA:106,0
DA:107,0
DA:112,0
DA:113,0
DA:118,0
DA:119,0
DA:122,0
DA:123,0
DA:126,0
DA:127,0
DA:128,0
DA:131,0
DA:132,0
DA:133,0
DA:135,0
DA:136,0
DA:138,0
DA:139,0
DA:142,0
DA:144,0
DA:145,0
DA:147,0
LF:62
LH:0
end_of_record
TN:
SF:/home/sridhar/claude-rust/src/tools/glob.rs
FN:12,GlobTool::new
FN:18,<impl Default for GlobTool>::default
FN:24,<impl Tool for GlobTool>::name
FN:28,<impl Tool for GlobTool>::description
FN:32,<impl Tool for GlobTool>::execute
FNF:5
FNDA:0,GlobTool::new
FNDA:0,<impl Default for GlobTool>::default
FNDA:0,<impl Tool for GlobTool>::name
FNDA:0,<impl Tool for GlobTool>::description
FNDA:0,<impl Tool for GlobTool>::execute
DA:12,0
DA:13,0
DA:18,0
DA:19,0
DA:24,0
DA:25,0
DA:28,0
DA:29,0
DA:32,0
DA:33,0
DA:34,0
DA:37,0
DA:38,0
DA:41,0
DA:44,0
DA:46,0
DA:47,0
DA:48,0
DA:49,0
DA:51,0
DA:52,0
DA:53,0
DA:54,0
DA:60,0
DA:61,0
LF:25
LH:0
end_of_record
TN:
SF:/home/sridhar/claude-rust/src/tools/grep.rs
FN:12,GrepTool::new
FN:18,<impl Default for GrepTool>::default
FN:24,<impl Tool for GrepTool>::name
FN:28,<impl Tool for GrepTool>::description
FN:32,<impl Tool for GrepTool>::execute
FNF:5
FNDA:0,GrepTool::new
FNDA:0,<impl Default for GrepTool>::default
FNDA:0,<impl Tool for GrepTool>::name
FNDA:0,<impl Tool for GrepTool>::description
FNDA:0,<impl Tool for GrepTool>::execute
DA:12,0
DA:13,0
DA:18,0
DA:19,0
DA:24,0
DA:25,0
DA:28,0
DA:29,0
DA:32,0
DA:33,0
DA:34,0
DA:37,0
DA:38,0
DA:39,0
DA:41,0
DA:44,0
DA:46,0
DA:47,0
DA:50,0
DA:51,0
DA:52,0
DA:56,0
DA:59,0
DA:60,0
DA:63,0
DA:64,0
DA:66,0
LF:27
LH:0
end_of_record
TN:
SF:/home/sridhar/claude-rust/src/tools/web.rs
FN:9,WebSearch::new
FN:15,<impl Default for WebSearch>::default
FN:21,<impl Tool for WebSearch>::name
FN:25,<impl Tool for WebSearch>::description
FN:29,<impl Tool for WebSearch>::execute
FN:38,WebFetch::new
FN:44,<impl Default for WebFetch>::default
FN:50,<impl Tool for WebFetch>::name
FN:54,<impl Tool for WebFetch>::description
FN:58,<impl Tool for WebFetch>::execute
FNF:10
FNDA:0,WebSearch::new
FNDA:0,<impl Default for WebSearch>::default
FNDA:0,<impl Tool for WebSearch>::name
FNDA:0,<impl Tool for WebSearch>::description
FNDA:0,<impl Tool for WebSearch>::execute
FNDA:0,WebFetch::new
FNDA:0,<impl Default for WebFetch>::default
FNDA:0,<impl Tool for WebFetch>::name
FNDA:0,<impl Tool for WebFetch>::description
FNDA:0,<impl Tool for WebFetch>::execute
DA:9,0
DA:10,0
DA:15,0
DA:16,0
DA:21,0
DA:22,0
DA:25,0
DA:26,0
DA:29,0
DA:30,0
DA:38,0
DA:39,0
DA:44,0
DA:45,0
DA:50,0
DA:51,0
DA:54,0
DA:55,0
DA:58,0
DA:59,0
LF:20
LH:0
end_of_record
TN:
SF:/home/sridhar/claude-rust/src/utils/format.rs
FN:4,format_bytes
FN:18,format_duration
FN:29,format_tokens
FN:40,truncate
FNF:4
FNDA:0,format_bytes
FNDA:0,format_duration
FNDA:0,format_tokens
FNDA:0,truncate
DA:4,0
DA:6,0
DA:7,0
DA:9,0
DA:10,0
DA:11,0
DA:14,0
DA:18,0
DA:19,0
DA:20,0
DA:21,0
DA:22,0
DA:24,0
DA:29,0
DA:30,0
DA:31,0
DA:32,0
DA:33,0
DA:35,0
DA:40,0
DA:41,0
DA:42,0
DA:44,0
LF:23
LH:0
end_of_record
TN:
SF:/home/sridhar/claude-rust/src/utils/model.rs
FN:22,<impl Default for MultiProvider>::default
FN:28,MultiProvider::new
FN:170,MultiProvider::get
FN:174,MultiProvider::list
FN:178,MultiProvider::list_free_providers
FNF:5
FNDA:0,<impl Default for MultiProvider>::default
FNDA:0,MultiProvider::new
FNDA:0,MultiProvider::get
FNDA:0,MultiProvider::list
FNDA:0,MultiProvider::list_free_providers
DA:22,0
DA:23,0
DA:28,0
DA:30,0
DA:170,0
DA:171,0
DA:174,0
DA:175,0
DA:178,0
DA:179,0
DA:180,0
LF:11
LH:0
end_of_record
TN:
SF:/home/sridhar/claude-rust/src/utils/path.rs
FN:6,normalize_path
FN:21,is_path_allowed
FN:35,find_project_root
FNF:3
FNDA:0,normalize_path
FNDA:0,is_path_allowed
FNDA:0,find_project_root
DA:6,0
DA:7,0
DA:8,0
DA:9,0
DA:10,0
DA:11,0
DA:13,0
DA:14,0
DA:17,0
DA:21,0
DA:22,0
DA:24,0
DA:25,0
DA:26,0
DA:27,0
DA:31,0
DA:35,0
DA:36,0
DA:49,0
DA:51,0
DA:52,0
DA:53,0
DA:54,0
DA:57,0
DA:60,0
LF:25
LH:0
end_of_record
